  [1m[36m (0.9ms)[0m  [1mCREATE TABLE "authors" ("id" INTEGER PRIMARY KEY AUTOINCREMENT NOT NULL, "name" varchar, "genre" varchar, "bio" text, "created_at" datetime NOT NULL, "updated_at" datetime NOT NULL) [0m
  [1m[35m (0.6ms)[0m  CREATE TABLE "posts" ("id" INTEGER PRIMARY KEY AUTOINCREMENT NOT NULL, "title" varchar, "description" text, "created_at" datetime NOT NULL, "updated_at" datetime NOT NULL, "post_status" boolean, "author_id" integer) 
  [1m[36m (0.8ms)[0m  [1mCREATE TABLE "schema_migrations" ("version" varchar NOT NULL) [0m
  [1m[35m (0.4ms)[0m  select sqlite_version(*)
  [1m[36m (0.6ms)[0m  [1mCREATE UNIQUE INDEX "unique_schema_migrations" ON "schema_migrations" ("version")[0m
  [1m[35m (0.1ms)[0m  SELECT version FROM "schema_migrations"
  [1m[36m (0.5ms)[0m  [1mINSERT INTO "schema_migrations" (version) VALUES ('20160113011820')[0m
  [1m[35m (0.9ms)[0m  INSERT INTO "schema_migrations" (version) VALUES ('20151230232412')
  [1m[36m (0.6ms)[0m  [1mINSERT INTO "schema_migrations" (version) VALUES ('20160113011041')[0m
  [1m[35m (0.6ms)[0m  INSERT INTO "schema_migrations" (version) VALUES ('20160113011150')
  [1m[36m (0.7ms)[0m  [1mCREATE TABLE "authors" ("id" INTEGER PRIMARY KEY AUTOINCREMENT NOT NULL, "name" varchar, "genre" varchar, "bio" text, "created_at" datetime NOT NULL, "updated_at" datetime NOT NULL) [0m
  [1m[35m (0.6ms)[0m  CREATE TABLE "posts" ("id" INTEGER PRIMARY KEY AUTOINCREMENT NOT NULL, "title" varchar, "description" text, "created_at" datetime NOT NULL, "updated_at" datetime NOT NULL, "post_status" boolean, "author_id" integer) 
  [1m[36m (0.6ms)[0m  [1mCREATE TABLE "schema_migrations" ("version" varchar NOT NULL) [0m
  [1m[35m (0.0ms)[0m  select sqlite_version(*)
  [1m[36m (0.6ms)[0m  [1mCREATE UNIQUE INDEX "unique_schema_migrations" ON "schema_migrations" ("version")[0m
  [1m[35m (0.1ms)[0m  SELECT version FROM "schema_migrations"
  [1m[36m (0.6ms)[0m  [1mINSERT INTO "schema_migrations" (version) VALUES ('20160113011820')[0m
  [1m[35m (0.7ms)[0m  INSERT INTO "schema_migrations" (version) VALUES ('20151230232412')
  [1m[36m (0.6ms)[0m  [1mINSERT INTO "schema_migrations" (version) VALUES ('20160113011041')[0m
  [1m[35m (0.6ms)[0m  INSERT INTO "schema_migrations" (version) VALUES ('20160113011150')
  [1m[36mActiveRecord::SchemaMigration Load (0.1ms)[0m  [1mSELECT "schema_migrations".* FROM "schema_migrations"[0m
  [1m[36m (0.1ms)[0m  [1mbegin transaction[0m
  [1m[35m (0.1ms)[0m  rollback transaction
  [1m[36m (0.1ms)[0m  [1mbegin transaction[0m
  [1m[35mSQL (0.4ms)[0m  INSERT INTO "posts" ("title", "description", "created_at", "updated_at") VALUES (?, ?, ?, ?)  [["title", "Testing"], ["description", "testing"], ["created_at", "2016-01-26 15:06:03.106369"], ["updated_at", "2016-01-26 15:06:03.106369"]]
  [1m[36m (0.7ms)[0m  [1mcommit transaction[0m
  [1m[35m (1.6ms)[0m  [1m[35mCREATE TABLE "ar_internal_metadata" ("key" varchar NOT NULL PRIMARY KEY, "value" varchar, "created_at" datetime NOT NULL, "updated_at" datetime NOT NULL)[0m
  [1m[36mActiveRecord::SchemaMigration Load (0.1ms)[0m  [1m[34mSELECT "schema_migrations".* FROM "schema_migrations"[0m
  [1m[36mActiveRecord::InternalMetadata Load (0.1ms)[0m  [1m[34mSELECT  "ar_internal_metadata".* FROM "ar_internal_metadata" WHERE "ar_internal_metadata"."key" = ? LIMIT ?[0m  [["key", "environment"], ["LIMIT", 1]]
  [1m[35m (0.0ms)[0m  [1m[36mbegin transaction[0m
  [1m[35mSQL (0.3ms)[0m  [1m[32mINSERT INTO "ar_internal_metadata" ("key", "value", "created_at", "updated_at") VALUES (?, ?, ?, ?)[0m  [["key", "environment"], ["value", "development"], ["created_at", "2019-07-16 00:37:20.561500"], ["updated_at", "2019-07-16 00:37:20.561500"]]
  [1m[35m (0.7ms)[0m  [1m[36mcommit transaction[0m
  [1m[36mActiveRecord::SchemaMigration Load (0.0ms)[0m  [1m[34mSELECT "schema_migrations".* FROM "schema_migrations"[0m
  [1m[36mActiveRecord::SchemaMigration Load (0.1ms)[0m  [1m[34mSELECT "schema_migrations".* FROM "schema_migrations"[0m
  [1m[36mPost Load (3.0ms)[0m  [1m[34mSELECT "posts".* FROM "posts"[0m
Started GET "/" for ::1 at 2019-07-15 18:45:00 -0600
  [1m[36mActiveRecord::SchemaMigration Load (0.1ms)[0m  [1m[34mSELECT "schema_migrations".* FROM "schema_migrations"[0m
Processing by Rails::WelcomeController#index as HTML
  Parameters: {"internal"=>true}
  Rendering /Users/cyantis/.rvm/gems/ruby-2.6.1/gems/railties-5.0.7.1/lib/rails/templates/rails/welcome/index.html.erb
  Rendered /Users/cyantis/.rvm/gems/ruby-2.6.1/gems/railties-5.0.7.1/lib/rails/templates/rails/welcome/index.html.erb (2.2ms)
Completed 200 OK in 11ms (Views: 5.5ms | ActiveRecord: 0.0ms)


Started GET "/posts/1" for ::1 at 2019-07-15 18:45:16 -0600
Processing by PostsController#show as HTML
  Parameters: {"id"=>"1"}
  [1m[36mPost Load (0.1ms)[0m  [1m[34mSELECT  "posts".* FROM "posts" WHERE "posts"."id" = ? LIMIT ?[0m  [["id", 1], ["LIMIT", 1]]
  Rendering posts/show.html.erb within layouts/application
  Rendered posts/show.html.erb within layouts/application (0.5ms)
Completed 200 OK in 301ms (Views: 290.6ms | ActiveRecord: 0.4ms)


Started GET "/posts/1" for ::1 at 2019-07-15 18:46:00 -0600
Processing by PostsController#show as HTML
  Parameters: {"id"=>"1"}
  [1m[36mPost Load (0.1ms)[0m  [1m[34mSELECT  "posts".* FROM "posts" WHERE "posts"."id" = ? LIMIT ?[0m  [["id", 1], ["LIMIT", 1]]
  Rendering posts/show.html.erb within layouts/application
  Rendered posts/show.html.erb within layouts/application (0.4ms)
Completed 200 OK in 11ms (Views: 9.2ms | ActiveRecord: 0.1ms)


Started GET "/posts" for ::1 at 2019-07-15 18:53:31 -0600
Processing by PostsController#index as HTML
  Rendering posts/index.html.erb within layouts/application
  [1m[36mPost Load (0.3ms)[0m  [1m[34mSELECT "posts".* FROM "posts"[0m
  Rendered posts/index.html.erb within layouts/application (12.9ms)
Completed 500 Internal Server Error in 19ms (ActiveRecord: 0.3ms)


  
ActionView::Template::Error (undefined method `updated_at' for nil:NilClass):
    1: <% @posts.each do |post| %>
    2:   <div><%= @post.updated_at.strftime("Last updated %A, %b %e, at %l:%M %p") %></div>
    3: <% end %>
  
app/views/posts/index.html.erb:2:in `block in _app_views_posts_index_html_erb___2796972145812146637_70256699490440'
app/views/posts/index.html.erb:1:in `_app_views_posts_index_html_erb___2796972145812146637_70256699490440'
  Rendering /Users/cyantis/.rvm/gems/ruby-2.6.1/gems/actionpack-5.0.7.1/lib/action_dispatch/middleware/templates/rescues/template_error.html.erb within rescues/layout
  Rendering /Users/cyantis/.rvm/gems/ruby-2.6.1/gems/actionpack-5.0.7.1/lib/action_dispatch/middleware/templates/rescues/_source.html.erb
  Rendered /Users/cyantis/.rvm/gems/ruby-2.6.1/gems/actionpack-5.0.7.1/lib/action_dispatch/middleware/templates/rescues/_source.html.erb (4.6ms)
  Rendering /Users/cyantis/.rvm/gems/ruby-2.6.1/gems/actionpack-5.0.7.1/lib/action_dispatch/middleware/templates/rescues/_trace.html.erb
  Rendered /Users/cyantis/.rvm/gems/ruby-2.6.1/gems/actionpack-5.0.7.1/lib/action_dispatch/middleware/templates/rescues/_trace.html.erb (1.7ms)
  Rendering /Users/cyantis/.rvm/gems/ruby-2.6.1/gems/actionpack-5.0.7.1/lib/action_dispatch/middleware/templates/rescues/_request_and_response.html.erb
  Rendered /Users/cyantis/.rvm/gems/ruby-2.6.1/gems/actionpack-5.0.7.1/lib/action_dispatch/middleware/templates/rescues/_request_and_response.html.erb (1.0ms)
  Rendered /Users/cyantis/.rvm/gems/ruby-2.6.1/gems/actionpack-5.0.7.1/lib/action_dispatch/middleware/templates/rescues/template_error.html.erb within rescues/layout (25.0ms)
DEPRECATION WARNING: #original_exception is deprecated. Use #cause instead. (called from block in render_exception_with_web_console at /Users/cyantis/.rvm/gems/ruby-2.6.1/gems/web-console-2.3.0/lib/web_console/extensions.rb:16)
DEPRECATION WARNING: Accessing mime types via constants is deprecated. Please change `Mime::HTML` to `Mime[:html]`. (called from acceptable_content_type? at /Users/cyantis/.rvm/gems/ruby-2.6.1/gems/web-console-2.3.0/lib/web_console/middleware.rb:58)
  Rendering /Users/cyantis/.rvm/gems/ruby-2.6.1/gems/web-console-2.3.0/lib/web_console/templates/index.html.erb
  Rendered /Users/cyantis/.rvm/gems/ruby-2.6.1/gems/web-console-2.3.0/lib/web_console/templates/_markup.html.erb (0.6ms)
  Rendering /Users/cyantis/.rvm/gems/ruby-2.6.1/gems/web-console-2.3.0/lib/web_console/templates/console.js.erb within layouts/javascript
  Rendering /Users/cyantis/.rvm/gems/ruby-2.6.1/gems/web-console-2.3.0/lib/web_console/templates/_inner_console_markup.html.erb within layouts/inlined_string
  Rendered /Users/cyantis/.rvm/gems/ruby-2.6.1/gems/web-console-2.3.0/lib/web_console/templates/_inner_console_markup.html.erb within layouts/inlined_string (0.8ms)
  Rendering /Users/cyantis/.rvm/gems/ruby-2.6.1/gems/web-console-2.3.0/lib/web_console/templates/_prompt_box_markup.html.erb within layouts/inlined_string
  Rendered /Users/cyantis/.rvm/gems/ruby-2.6.1/gems/web-console-2.3.0/lib/web_console/templates/_prompt_box_markup.html.erb within layouts/inlined_string (0.3ms)
  Rendering /Users/cyantis/.rvm/gems/ruby-2.6.1/gems/web-console-2.3.0/lib/web_console/templates/style.css.erb within layouts/inlined_string
  Rendered /Users/cyantis/.rvm/gems/ruby-2.6.1/gems/web-console-2.3.0/lib/web_console/templates/style.css.erb within layouts/inlined_string (0.2ms)
DEPRECATION WARNING: Accessing mime types via constants is deprecated. Please change `Mime::WEB_CONSOLE_V2` to `Mime[:web_console_v2]`. (called from ___sers_cyantis__rvm_gems_ruby_______gems_web_console_______lib_web_console_templates_console_js_erb___2073906418410631328_70256701063360 at /Users/cyantis/.rvm/gems/ruby-2.6.1/gems/web-console-2.3.0/lib/web_console/templates/console.js.erb:491)
  Rendered /Users/cyantis/.rvm/gems/ruby-2.6.1/gems/web-console-2.3.0/lib/web_console/templates/console.js.erb within layouts/javascript (30.7ms)
  Rendering /Users/cyantis/.rvm/gems/ruby-2.6.1/gems/web-console-2.3.0/lib/web_console/templates/main.js.erb within layouts/javascript
  Rendered /Users/cyantis/.rvm/gems/ruby-2.6.1/gems/web-console-2.3.0/lib/web_console/templates/main.js.erb within layouts/javascript (0.3ms)
  Rendering /Users/cyantis/.rvm/gems/ruby-2.6.1/gems/web-console-2.3.0/lib/web_console/templates/error_page.js.erb within layouts/javascript
  Rendered /Users/cyantis/.rvm/gems/ruby-2.6.1/gems/web-console-2.3.0/lib/web_console/templates/error_page.js.erb within layouts/javascript (0.3ms)
  Rendered /Users/cyantis/.rvm/gems/ruby-2.6.1/gems/web-console-2.3.0/lib/web_console/templates/index.html.erb (56.3ms)
Started GET "/posts" for ::1 at 2019-07-15 18:53:52 -0600
Processing by PostsController#index as HTML
  Rendering posts/index.html.erb within layouts/application
  [1m[36mPost Load (0.1ms)[0m  [1m[34mSELECT "posts".* FROM "posts"[0m
  Rendered posts/index.html.erb within layouts/application (1.0ms)
Completed 200 OK in 31ms (Views: 29.6ms | ActiveRecord: 0.1ms)


Started GET "/posts" for ::1 at 2019-07-15 18:54:53 -0600
Processing by PostsController#index as HTML
  Rendering posts/index.html.erb within layouts/application
  [1m[36mPost Load (0.2ms)[0m  [1m[34mSELECT "posts".* FROM "posts"[0m
  Rendered posts/index.html.erb within layouts/application (1.2ms)
Completed 200 OK in 27ms (Views: 24.6ms | ActiveRecord: 0.2ms)


Started GET "/posts" for ::1 at 2019-07-15 18:55:00 -0600
Processing by PostsController#index as HTML
  Rendering posts/index.html.erb within layouts/application
  [1m[36mPost Load (0.1ms)[0m  [1m[34mSELECT "posts".* FROM "posts"[0m
  Rendered posts/index.html.erb within layouts/application (1.1ms)
Completed 200 OK in 12ms (Views: 10.5ms | ActiveRecord: 0.1ms)


Started GET "/posts" for ::1 at 2019-07-15 18:55:20 -0600
Processing by PostsController#index as HTML
  Rendering posts/index.html.erb within layouts/application
  [1m[36mPost Load (0.1ms)[0m  [1m[34mSELECT "posts".* FROM "posts"[0m
  Rendered posts/index.html.erb within layouts/application (1.2ms)
Completed 200 OK in 11ms (Views: 9.9ms | ActiveRecord: 0.1ms)


Started GET "/posts/1" for ::1 at 2019-07-15 18:55:21 -0600
Processing by PostsController#show as HTML
  Parameters: {"id"=>"1"}
  [1m[36mPost Load (0.2ms)[0m  [1m[34mSELECT  "posts".* FROM "posts" WHERE "posts"."id" = ? LIMIT ?[0m  [["id", 1], ["LIMIT", 1]]
  Rendering posts/show.html.erb within layouts/application
  Rendered posts/show.html.erb within layouts/application (0.5ms)
Completed 200 OK in 14ms (Views: 11.8ms | ActiveRecord: 0.2ms)


Started GET "/posts/1" for ::1 at 2019-07-15 18:59:09 -0600
Processing by PostsController#show as HTML
  Parameters: {"id"=>"1"}
  [1m[36mPost Load (0.1ms)[0m  [1m[34mSELECT  "posts".* FROM "posts" WHERE "posts"."id" = ? LIMIT ?[0m  [["id", 1], ["LIMIT", 1]]
  Rendering posts/show.html.erb within layouts/application
  Rendered posts/show.html.erb within layouts/application (0.6ms)
Completed 200 OK in 17ms (Views: 15.5ms | ActiveRecord: 0.1ms)


Started GET "/posts/1/edit" for ::1 at 2019-07-15 18:59:13 -0600
Processing by PostsController#edit as HTML
  Parameters: {"id"=>"1"}
  [1m[36mPost Load (0.1ms)[0m  [1m[34mSELECT  "posts".* FROM "posts" WHERE "posts"."id" = ? LIMIT ?[0m  [["id", 1], ["LIMIT", 1]]
  Rendering posts/edit.html.erb within layouts/application
  Rendered posts/edit.html.erb within layouts/application (8.9ms)
Completed 200 OK in 19ms (Views: 16.8ms | ActiveRecord: 0.1ms)


Started GET "/posts/1" for ::1 at 2019-07-15 19:01:05 -0600
Processing by PostsController#show as HTML
  Parameters: {"id"=>"1"}
  [1m[36mPost Load (0.1ms)[0m  [1m[34mSELECT  "posts".* FROM "posts" WHERE "posts"."id" = ? LIMIT ?[0m  [["id", 1], ["LIMIT", 1]]
  Rendering posts/show.html.erb within layouts/application
  Rendered posts/show.html.erb within layouts/application (5.3ms)
Completed 500 Internal Server Error in 13ms (ActiveRecord: 0.4ms)


  
ActionView::Template::Error (private method `date_time' called for #<Post:0x00007fcbd6c8df30>):
    1: <h1><%= @post.title %></h1>
    2: <p><%= @post.date_time %></p>
    3: <p><%= @post.description %></p>
  
app/views/posts/show.html.erb:2:in `_app_views_posts_show_html_erb__2909410185299062081_70256729286240'
  Rendering /Users/cyantis/.rvm/gems/ruby-2.6.1/gems/actionpack-5.0.7.1/lib/action_dispatch/middleware/templates/rescues/template_error.html.erb within rescues/layout
  Rendering /Users/cyantis/.rvm/gems/ruby-2.6.1/gems/actionpack-5.0.7.1/lib/action_dispatch/middleware/templates/rescues/_source.html.erb
  Rendered /Users/cyantis/.rvm/gems/ruby-2.6.1/gems/actionpack-5.0.7.1/lib/action_dispatch/middleware/templates/rescues/_source.html.erb (2.5ms)
  Rendering /Users/cyantis/.rvm/gems/ruby-2.6.1/gems/actionpack-5.0.7.1/lib/action_dispatch/middleware/templates/rescues/_trace.html.erb
  Rendered /Users/cyantis/.rvm/gems/ruby-2.6.1/gems/actionpack-5.0.7.1/lib/action_dispatch/middleware/templates/rescues/_trace.html.erb (1.2ms)
  Rendering /Users/cyantis/.rvm/gems/ruby-2.6.1/gems/actionpack-5.0.7.1/lib/action_dispatch/middleware/templates/rescues/_request_and_response.html.erb
  Rendered /Users/cyantis/.rvm/gems/ruby-2.6.1/gems/actionpack-5.0.7.1/lib/action_dispatch/middleware/templates/rescues/_request_and_response.html.erb (0.7ms)
  Rendered /Users/cyantis/.rvm/gems/ruby-2.6.1/gems/actionpack-5.0.7.1/lib/action_dispatch/middleware/templates/rescues/template_error.html.erb within rescues/layout (15.8ms)
DEPRECATION WARNING: #original_exception is deprecated. Use #cause instead. (called from block in render_exception_with_web_console at /Users/cyantis/.rvm/gems/ruby-2.6.1/gems/web-console-2.3.0/lib/web_console/extensions.rb:16)
DEPRECATION WARNING: Accessing mime types via constants is deprecated. Please change `Mime::HTML` to `Mime[:html]`. (called from acceptable_content_type? at /Users/cyantis/.rvm/gems/ruby-2.6.1/gems/web-console-2.3.0/lib/web_console/middleware.rb:58)
  Rendering /Users/cyantis/.rvm/gems/ruby-2.6.1/gems/web-console-2.3.0/lib/web_console/templates/index.html.erb
  Rendered /Users/cyantis/.rvm/gems/ruby-2.6.1/gems/web-console-2.3.0/lib/web_console/templates/_markup.html.erb (0.4ms)
  Rendering /Users/cyantis/.rvm/gems/ruby-2.6.1/gems/web-console-2.3.0/lib/web_console/templates/console.js.erb within layouts/javascript
  Rendering /Users/cyantis/.rvm/gems/ruby-2.6.1/gems/web-console-2.3.0/lib/web_console/templates/_inner_console_markup.html.erb within layouts/inlined_string
  Rendered /Users/cyantis/.rvm/gems/ruby-2.6.1/gems/web-console-2.3.0/lib/web_console/templates/_inner_console_markup.html.erb within layouts/inlined_string (0.3ms)
  Rendering /Users/cyantis/.rvm/gems/ruby-2.6.1/gems/web-console-2.3.0/lib/web_console/templates/_prompt_box_markup.html.erb within layouts/inlined_string
  Rendered /Users/cyantis/.rvm/gems/ruby-2.6.1/gems/web-console-2.3.0/lib/web_console/templates/_prompt_box_markup.html.erb within layouts/inlined_string (0.3ms)
  Rendering /Users/cyantis/.rvm/gems/ruby-2.6.1/gems/web-console-2.3.0/lib/web_console/templates/style.css.erb within layouts/inlined_string
  Rendered /Users/cyantis/.rvm/gems/ruby-2.6.1/gems/web-console-2.3.0/lib/web_console/templates/style.css.erb within layouts/inlined_string (0.3ms)
DEPRECATION WARNING: Accessing mime types via constants is deprecated. Please change `Mime::WEB_CONSOLE_V2` to `Mime[:web_console_v2]`. (called from ___sers_cyantis__rvm_gems_ruby_______gems_web_console_______lib_web_console_templates_console_js_erb___2073906418410631328_70256746352320 at /Users/cyantis/.rvm/gems/ruby-2.6.1/gems/web-console-2.3.0/lib/web_console/templates/console.js.erb:491)
  Rendered /Users/cyantis/.rvm/gems/ruby-2.6.1/gems/web-console-2.3.0/lib/web_console/templates/console.js.erb within layouts/javascript (14.4ms)
  Rendering /Users/cyantis/.rvm/gems/ruby-2.6.1/gems/web-console-2.3.0/lib/web_console/templates/main.js.erb within layouts/javascript
  Rendered /Users/cyantis/.rvm/gems/ruby-2.6.1/gems/web-console-2.3.0/lib/web_console/templates/main.js.erb within layouts/javascript (0.3ms)
  Rendering /Users/cyantis/.rvm/gems/ruby-2.6.1/gems/web-console-2.3.0/lib/web_console/templates/error_page.js.erb within layouts/javascript
  Rendered /Users/cyantis/.rvm/gems/ruby-2.6.1/gems/web-console-2.3.0/lib/web_console/templates/error_page.js.erb within layouts/javascript (0.3ms)
  Rendered /Users/cyantis/.rvm/gems/ruby-2.6.1/gems/web-console-2.3.0/lib/web_console/templates/index.html.erb (30.1ms)
Started GET "/posts/1" for ::1 at 2019-07-15 19:02:08 -0600
Processing by PostsController#show as HTML
  Parameters: {"id"=>"1"}
  [1m[36mPost Load (0.1ms)[0m  [1m[34mSELECT  "posts".* FROM "posts" WHERE "posts"."id" = ? LIMIT ?[0m  [["id", 1], ["LIMIT", 1]]
  Rendering posts/show.html.erb within layouts/application
  Rendered posts/show.html.erb within layouts/application (0.4ms)
Completed 200 OK in 15ms (Views: 8.1ms | ActiveRecord: 0.5ms)


Started GET "/posts" for ::1 at 2019-07-15 19:02:35 -0600
Processing by PostsController#index as HTML
  Rendering posts/index.html.erb within layouts/application
  [1m[36mPost Load (0.1ms)[0m  [1m[34mSELECT "posts".* FROM "posts"[0m
  Rendered posts/index.html.erb within layouts/application (1.3ms)
Completed 200 OK in 30ms (Views: 28.2ms | ActiveRecord: 0.1ms)


Started GET "/posts/1" for ::1 at 2019-07-15 19:02:36 -0600
Processing by PostsController#show as HTML
  Parameters: {"id"=>"1"}
  [1m[36mPost Load (0.2ms)[0m  [1m[34mSELECT  "posts".* FROM "posts" WHERE "posts"."id" = ? LIMIT ?[0m  [["id", 1], ["LIMIT", 1]]
  Rendering posts/show.html.erb within layouts/application
  Rendered posts/show.html.erb within layouts/application (0.4ms)
Completed 200 OK in 14ms (Views: 12.0ms | ActiveRecord: 0.2ms)


Started GET "/posts/1/edit" for ::1 at 2019-07-15 19:02:39 -0600
Processing by PostsController#edit as HTML
  Parameters: {"id"=>"1"}
  [1m[36mPost Load (0.1ms)[0m  [1m[34mSELECT  "posts".* FROM "posts" WHERE "posts"."id" = ? LIMIT ?[0m  [["id", 1], ["LIMIT", 1]]
  Rendering posts/edit.html.erb within layouts/application
  Rendered posts/edit.html.erb within layouts/application (1.3ms)
Completed 200 OK in 11ms (Views: 9.1ms | ActiveRecord: 0.1ms)


Started GET "/posts/1/edit" for ::1 at 2019-07-15 19:04:31 -0600
Processing by PostsController#edit as HTML
  Parameters: {"id"=>"1"}
  [1m[36mPost Load (0.1ms)[0m  [1m[34mSELECT  "posts".* FROM "posts" WHERE "posts"."id" = ? LIMIT ?[0m  [["id", 1], ["LIMIT", 1]]
  Rendering posts/edit.html.erb within layouts/application
  Rendered posts/edit.html.erb within layouts/application (1.4ms)
Completed 200 OK in 16ms (Views: 9.5ms | ActiveRecord: 0.5ms)


Started GET "/posts/1/" for ::1 at 2019-07-15 19:06:41 -0600
Processing by PostsController#show as HTML
  Parameters: {"id"=>"1"}
  [1m[36mPost Load (0.1ms)[0m  [1m[34mSELECT  "posts".* FROM "posts" WHERE "posts"."id" = ? LIMIT ?[0m  [["id", 1], ["LIMIT", 1]]
  Rendering posts/show.html.erb within layouts/application
  Rendered posts/show.html.erb within layouts/application (0.4ms)
Completed 200 OK in 15ms (Views: 9.3ms | ActiveRecord: 0.4ms)


Started GET "/posts/1/" for ::1 at 2019-07-15 19:06:50 -0600
Processing by PostsController#show as HTML
  Parameters: {"id"=>"1"}
  [1m[36mPost Load (0.1ms)[0m  [1m[34mSELECT  "posts".* FROM "posts" WHERE "posts"."id" = ? LIMIT ?[0m  [["id", 1], ["LIMIT", 1]]
  Rendering posts/show.html.erb within layouts/application
  Rendered posts/show.html.erb within layouts/application (0.5ms)
Completed 200 OK in 11ms (Views: 9.7ms | ActiveRecord: 0.1ms)


Started GET "/posts" for ::1 at 2019-07-15 19:07:04 -0600
Processing by PostsController#index as HTML
  Rendering posts/index.html.erb within layouts/application
  [1m[36mPost Load (0.1ms)[0m  [1m[34mSELECT "posts".* FROM "posts"[0m
  Rendered posts/index.html.erb within layouts/application (1.0ms)
Completed 200 OK in 10ms (Views: 9.1ms | ActiveRecord: 0.1ms)


Started GET "/posts/1/edit" for ::1 at 2019-07-15 19:07:22 -0600
Processing by PostsController#edit as HTML
  Parameters: {"id"=>"1"}
  [1m[36mPost Load (0.1ms)[0m  [1m[34mSELECT  "posts".* FROM "posts" WHERE "posts"."id" = ? LIMIT ?[0m  [["id", 1], ["LIMIT", 1]]
  Rendering posts/edit.html.erb within layouts/application
  Rendered posts/edit.html.erb within layouts/application (1.6ms)
Completed 200 OK in 10ms (Views: 9.3ms | ActiveRecord: 0.1ms)


Started GET "/authors/1" for ::1 at 2019-07-15 19:08:32 -0600
  
ActionController::RoutingError (No route matches [GET] "/authors/1"):
  
actionpack (5.0.7.1) lib/action_dispatch/middleware/debug_exceptions.rb:53:in `call'
web-console (2.3.0) lib/web_console/middleware.rb:28:in `block in call'
web-console (2.3.0) lib/web_console/middleware.rb:18:in `catch'
web-console (2.3.0) lib/web_console/middleware.rb:18:in `call'
actionpack (5.0.7.1) lib/action_dispatch/middleware/show_exceptions.rb:31:in `call'
railties (5.0.7.1) lib/rails/rack/logger.rb:36:in `call_app'
railties (5.0.7.1) lib/rails/rack/logger.rb:24:in `block in call'
activesupport (5.0.7.1) lib/active_support/tagged_logging.rb:69:in `block in tagged'
activesupport (5.0.7.1) lib/active_support/tagged_logging.rb:26:in `tagged'
activesupport (5.0.7.1) lib/active_support/tagged_logging.rb:69:in `tagged'
railties (5.0.7.1) lib/rails/rack/logger.rb:24:in `call'
sprockets-rails (3.2.1) lib/sprockets/rails/quiet_assets.rb:13:in `call'
actionpack (5.0.7.1) lib/action_dispatch/middleware/request_id.rb:24:in `call'
rack (2.0.6) lib/rack/method_override.rb:22:in `call'
rack (2.0.6) lib/rack/runtime.rb:22:in `call'
activesupport (5.0.7.1) lib/active_support/cache/strategy/local_cache_middleware.rb:28:in `call'
actionpack (5.0.7.1) lib/action_dispatch/middleware/executor.rb:12:in `call'
actionpack (5.0.7.1) lib/action_dispatch/middleware/static.rb:136:in `call'
rack (2.0.6) lib/rack/sendfile.rb:111:in `call'
railties (5.0.7.1) lib/rails/engine.rb:522:in `call'
rack (2.0.6) lib/rack/handler/webrick.rb:86:in `service'
/Users/cyantis/.rvm/rubies/ruby-2.6.1/lib/ruby/2.6.0/webrick/httpserver.rb:140:in `service'
/Users/cyantis/.rvm/rubies/ruby-2.6.1/lib/ruby/2.6.0/webrick/httpserver.rb:96:in `run'
/Users/cyantis/.rvm/rubies/ruby-2.6.1/lib/ruby/2.6.0/webrick/server.rb:307:in `block in start_thread'
  Rendering /Users/cyantis/.rvm/gems/ruby-2.6.1/gems/actionpack-5.0.7.1/lib/action_dispatch/middleware/templates/rescues/routing_error.html.erb within rescues/layout
  Rendering /Users/cyantis/.rvm/gems/ruby-2.6.1/gems/actionpack-5.0.7.1/lib/action_dispatch/middleware/templates/rescues/_trace.html.erb
  Rendered /Users/cyantis/.rvm/gems/ruby-2.6.1/gems/actionpack-5.0.7.1/lib/action_dispatch/middleware/templates/rescues/_trace.html.erb (0.7ms)
  Rendered collection of /Users/cyantis/.rvm/gems/ruby-2.6.1/gems/actionpack-5.0.7.1/lib/action_dispatch/middleware/templates/routes/_route.html.erb [9 times] (4.1ms)
  Rendered /Users/cyantis/.rvm/gems/ruby-2.6.1/gems/actionpack-5.0.7.1/lib/action_dispatch/middleware/templates/routes/_table.html.erb (2.0ms)
  Rendering /Users/cyantis/.rvm/gems/ruby-2.6.1/gems/actionpack-5.0.7.1/lib/action_dispatch/middleware/templates/rescues/_request_and_response.html.erb
  Rendered /Users/cyantis/.rvm/gems/ruby-2.6.1/gems/actionpack-5.0.7.1/lib/action_dispatch/middleware/templates/rescues/_request_and_response.html.erb (0.9ms)
  Rendered /Users/cyantis/.rvm/gems/ruby-2.6.1/gems/actionpack-5.0.7.1/lib/action_dispatch/middleware/templates/rescues/routing_error.html.erb within rescues/layout (27.5ms)
DEPRECATION WARNING: Accessing mime types via constants is deprecated. Please change `Mime::HTML` to `Mime[:html]`. (called from acceptable_content_type? at /Users/cyantis/.rvm/gems/ruby-2.6.1/gems/web-console-2.3.0/lib/web_console/middleware.rb:58)
  Rendering /Users/cyantis/.rvm/gems/ruby-2.6.1/gems/web-console-2.3.0/lib/web_console/templates/index.html.erb
  Rendered /Users/cyantis/.rvm/gems/ruby-2.6.1/gems/web-console-2.3.0/lib/web_console/templates/_markup.html.erb (0.3ms)
  Rendering /Users/cyantis/.rvm/gems/ruby-2.6.1/gems/web-console-2.3.0/lib/web_console/templates/console.js.erb within layouts/javascript
  Rendering /Users/cyantis/.rvm/gems/ruby-2.6.1/gems/web-console-2.3.0/lib/web_console/templates/_inner_console_markup.html.erb within layouts/inlined_string
  Rendered /Users/cyantis/.rvm/gems/ruby-2.6.1/gems/web-console-2.3.0/lib/web_console/templates/_inner_console_markup.html.erb within layouts/inlined_string (0.2ms)
  Rendering /Users/cyantis/.rvm/gems/ruby-2.6.1/gems/web-console-2.3.0/lib/web_console/templates/_prompt_box_markup.html.erb within layouts/inlined_string
  Rendered /Users/cyantis/.rvm/gems/ruby-2.6.1/gems/web-console-2.3.0/lib/web_console/templates/_prompt_box_markup.html.erb within layouts/inlined_string (0.2ms)
  Rendering /Users/cyantis/.rvm/gems/ruby-2.6.1/gems/web-console-2.3.0/lib/web_console/templates/style.css.erb within layouts/inlined_string
  Rendered /Users/cyantis/.rvm/gems/ruby-2.6.1/gems/web-console-2.3.0/lib/web_console/templates/style.css.erb within layouts/inlined_string (0.3ms)
DEPRECATION WARNING: Accessing mime types via constants is deprecated. Please change `Mime::WEB_CONSOLE_V2` to `Mime[:web_console_v2]`. (called from ___sers_cyantis__rvm_gems_ruby_______gems_web_console_______lib_web_console_templates_console_js_erb___2073906418410631328_70256730269180 at /Users/cyantis/.rvm/gems/ruby-2.6.1/gems/web-console-2.3.0/lib/web_console/templates/console.js.erb:491)
  Rendered /Users/cyantis/.rvm/gems/ruby-2.6.1/gems/web-console-2.3.0/lib/web_console/templates/console.js.erb within layouts/javascript (16.9ms)
  Rendering /Users/cyantis/.rvm/gems/ruby-2.6.1/gems/web-console-2.3.0/lib/web_console/templates/main.js.erb within layouts/javascript
  Rendered /Users/cyantis/.rvm/gems/ruby-2.6.1/gems/web-console-2.3.0/lib/web_console/templates/main.js.erb within layouts/javascript (0.3ms)
  Rendering /Users/cyantis/.rvm/gems/ruby-2.6.1/gems/web-console-2.3.0/lib/web_console/templates/error_page.js.erb within layouts/javascript
  Rendered /Users/cyantis/.rvm/gems/ruby-2.6.1/gems/web-console-2.3.0/lib/web_console/templates/error_page.js.erb within layouts/javascript (0.4ms)
  Rendered /Users/cyantis/.rvm/gems/ruby-2.6.1/gems/web-console-2.3.0/lib/web_console/templates/index.html.erb (35.2ms)
Started GET "/authors" for ::1 at 2019-07-15 19:09:06 -0600
  
ActionController::RoutingError (No route matches [GET] "/authors"):
  
actionpack (5.0.7.1) lib/action_dispatch/middleware/debug_exceptions.rb:53:in `call'
web-console (2.3.0) lib/web_console/middleware.rb:28:in `block in call'
web-console (2.3.0) lib/web_console/middleware.rb:18:in `catch'
web-console (2.3.0) lib/web_console/middleware.rb:18:in `call'
actionpack (5.0.7.1) lib/action_dispatch/middleware/show_exceptions.rb:31:in `call'
railties (5.0.7.1) lib/rails/rack/logger.rb:36:in `call_app'
railties (5.0.7.1) lib/rails/rack/logger.rb:24:in `block in call'
activesupport (5.0.7.1) lib/active_support/tagged_logging.rb:69:in `block in tagged'
activesupport (5.0.7.1) lib/active_support/tagged_logging.rb:26:in `tagged'
activesupport (5.0.7.1) lib/active_support/tagged_logging.rb:69:in `tagged'
railties (5.0.7.1) lib/rails/rack/logger.rb:24:in `call'
sprockets-rails (3.2.1) lib/sprockets/rails/quiet_assets.rb:13:in `call'
actionpack (5.0.7.1) lib/action_dispatch/middleware/request_id.rb:24:in `call'
rack (2.0.6) lib/rack/method_override.rb:22:in `call'
rack (2.0.6) lib/rack/runtime.rb:22:in `call'
activesupport (5.0.7.1) lib/active_support/cache/strategy/local_cache_middleware.rb:28:in `call'
actionpack (5.0.7.1) lib/action_dispatch/middleware/executor.rb:12:in `call'
actionpack (5.0.7.1) lib/action_dispatch/middleware/static.rb:136:in `call'
rack (2.0.6) lib/rack/sendfile.rb:111:in `call'
railties (5.0.7.1) lib/rails/engine.rb:522:in `call'
rack (2.0.6) lib/rack/handler/webrick.rb:86:in `service'
/Users/cyantis/.rvm/rubies/ruby-2.6.1/lib/ruby/2.6.0/webrick/httpserver.rb:140:in `service'
/Users/cyantis/.rvm/rubies/ruby-2.6.1/lib/ruby/2.6.0/webrick/httpserver.rb:96:in `run'
/Users/cyantis/.rvm/rubies/ruby-2.6.1/lib/ruby/2.6.0/webrick/server.rb:307:in `block in start_thread'
  Rendering /Users/cyantis/.rvm/gems/ruby-2.6.1/gems/actionpack-5.0.7.1/lib/action_dispatch/middleware/templates/rescues/routing_error.html.erb within rescues/layout
  Rendering /Users/cyantis/.rvm/gems/ruby-2.6.1/gems/actionpack-5.0.7.1/lib/action_dispatch/middleware/templates/rescues/_trace.html.erb
  Rendered /Users/cyantis/.rvm/gems/ruby-2.6.1/gems/actionpack-5.0.7.1/lib/action_dispatch/middleware/templates/rescues/_trace.html.erb (0.8ms)
  Rendered collection of /Users/cyantis/.rvm/gems/ruby-2.6.1/gems/actionpack-5.0.7.1/lib/action_dispatch/middleware/templates/routes/_route.html.erb [9 times] (1.8ms)
  Rendered /Users/cyantis/.rvm/gems/ruby-2.6.1/gems/actionpack-5.0.7.1/lib/action_dispatch/middleware/templates/routes/_table.html.erb (0.7ms)
  Rendering /Users/cyantis/.rvm/gems/ruby-2.6.1/gems/actionpack-5.0.7.1/lib/action_dispatch/middleware/templates/rescues/_request_and_response.html.erb
  Rendered /Users/cyantis/.rvm/gems/ruby-2.6.1/gems/actionpack-5.0.7.1/lib/action_dispatch/middleware/templates/rescues/_request_and_response.html.erb (1.0ms)
  Rendered /Users/cyantis/.rvm/gems/ruby-2.6.1/gems/actionpack-5.0.7.1/lib/action_dispatch/middleware/templates/rescues/routing_error.html.erb within rescues/layout (15.1ms)
DEPRECATION WARNING: Accessing mime types via constants is deprecated. Please change `Mime::HTML` to `Mime[:html]`. (called from acceptable_content_type? at /Users/cyantis/.rvm/gems/ruby-2.6.1/gems/web-console-2.3.0/lib/web_console/middleware.rb:58)
  Rendering /Users/cyantis/.rvm/gems/ruby-2.6.1/gems/web-console-2.3.0/lib/web_console/templates/index.html.erb
  Rendered /Users/cyantis/.rvm/gems/ruby-2.6.1/gems/web-console-2.3.0/lib/web_console/templates/_markup.html.erb (0.2ms)
  Rendering /Users/cyantis/.rvm/gems/ruby-2.6.1/gems/web-console-2.3.0/lib/web_console/templates/console.js.erb within layouts/javascript
  Rendering /Users/cyantis/.rvm/gems/ruby-2.6.1/gems/web-console-2.3.0/lib/web_console/templates/_inner_console_markup.html.erb within layouts/inlined_string
  Rendered /Users/cyantis/.rvm/gems/ruby-2.6.1/gems/web-console-2.3.0/lib/web_console/templates/_inner_console_markup.html.erb within layouts/inlined_string (0.2ms)
  Rendering /Users/cyantis/.rvm/gems/ruby-2.6.1/gems/web-console-2.3.0/lib/web_console/templates/_prompt_box_markup.html.erb within layouts/inlined_string
  Rendered /Users/cyantis/.rvm/gems/ruby-2.6.1/gems/web-console-2.3.0/lib/web_console/templates/_prompt_box_markup.html.erb within layouts/inlined_string (0.2ms)
  Rendering /Users/cyantis/.rvm/gems/ruby-2.6.1/gems/web-console-2.3.0/lib/web_console/templates/style.css.erb within layouts/inlined_string
  Rendered /Users/cyantis/.rvm/gems/ruby-2.6.1/gems/web-console-2.3.0/lib/web_console/templates/style.css.erb within layouts/inlined_string (0.3ms)
DEPRECATION WARNING: Accessing mime types via constants is deprecated. Please change `Mime::WEB_CONSOLE_V2` to `Mime[:web_console_v2]`. (called from ___sers_cyantis__rvm_gems_ruby_______gems_web_console_______lib_web_console_templates_console_js_erb___2073906418410631328_70256745809440 at /Users/cyantis/.rvm/gems/ruby-2.6.1/gems/web-console-2.3.0/lib/web_console/templates/console.js.erb:491)
  Rendered /Users/cyantis/.rvm/gems/ruby-2.6.1/gems/web-console-2.3.0/lib/web_console/templates/console.js.erb within layouts/javascript (11.2ms)
  Rendering /Users/cyantis/.rvm/gems/ruby-2.6.1/gems/web-console-2.3.0/lib/web_console/templates/main.js.erb within layouts/javascript
  Rendered /Users/cyantis/.rvm/gems/ruby-2.6.1/gems/web-console-2.3.0/lib/web_console/templates/main.js.erb within layouts/javascript (0.2ms)
  Rendering /Users/cyantis/.rvm/gems/ruby-2.6.1/gems/web-console-2.3.0/lib/web_console/templates/error_page.js.erb within layouts/javascript
  Rendered /Users/cyantis/.rvm/gems/ruby-2.6.1/gems/web-console-2.3.0/lib/web_console/templates/error_page.js.erb within layouts/javascript (0.2ms)
  Rendered /Users/cyantis/.rvm/gems/ruby-2.6.1/gems/web-console-2.3.0/lib/web_console/templates/index.html.erb (21.1ms)
Started GET "/authors/show" for ::1 at 2019-07-15 19:09:17 -0600
Processing by AuthorsController#show as HTML
  [1m[36mAuthor Load (0.2ms)[0m  [1m[34mSELECT  "authors".* FROM "authors" WHERE "authors"."id" = ? LIMIT ?[0m  [["id", nil], ["LIMIT", 1]]
Completed 404 Not Found in 6ms (ActiveRecord: 0.6ms)


  
ActiveRecord::RecordNotFound (Couldn't find Author with 'id'=):
  
app/controllers/authors_controller.rb:3:in `show'
  Rendering /Users/cyantis/.rvm/gems/ruby-2.6.1/gems/actionpack-5.0.7.1/lib/action_dispatch/middleware/templates/rescues/diagnostics.html.erb within rescues/layout
  Rendering /Users/cyantis/.rvm/gems/ruby-2.6.1/gems/actionpack-5.0.7.1/lib/action_dispatch/middleware/templates/rescues/_source.html.erb
  Rendered /Users/cyantis/.rvm/gems/ruby-2.6.1/gems/actionpack-5.0.7.1/lib/action_dispatch/middleware/templates/rescues/_source.html.erb (2.6ms)
  Rendering /Users/cyantis/.rvm/gems/ruby-2.6.1/gems/actionpack-5.0.7.1/lib/action_dispatch/middleware/templates/rescues/_trace.html.erb
  Rendered /Users/cyantis/.rvm/gems/ruby-2.6.1/gems/actionpack-5.0.7.1/lib/action_dispatch/middleware/templates/rescues/_trace.html.erb (1.0ms)
  Rendering /Users/cyantis/.rvm/gems/ruby-2.6.1/gems/actionpack-5.0.7.1/lib/action_dispatch/middleware/templates/rescues/_request_and_response.html.erb
  Rendered /Users/cyantis/.rvm/gems/ruby-2.6.1/gems/actionpack-5.0.7.1/lib/action_dispatch/middleware/templates/rescues/_request_and_response.html.erb (0.5ms)
  Rendered /Users/cyantis/.rvm/gems/ruby-2.6.1/gems/actionpack-5.0.7.1/lib/action_dispatch/middleware/templates/rescues/diagnostics.html.erb within rescues/layout (17.6ms)
DEPRECATION WARNING: Accessing mime types via constants is deprecated. Please change `Mime::HTML` to `Mime[:html]`. (called from acceptable_content_type? at /Users/cyantis/.rvm/gems/ruby-2.6.1/gems/web-console-2.3.0/lib/web_console/middleware.rb:58)
  Rendering /Users/cyantis/.rvm/gems/ruby-2.6.1/gems/web-console-2.3.0/lib/web_console/templates/index.html.erb
  Rendered /Users/cyantis/.rvm/gems/ruby-2.6.1/gems/web-console-2.3.0/lib/web_console/templates/_markup.html.erb (0.3ms)
  Rendering /Users/cyantis/.rvm/gems/ruby-2.6.1/gems/web-console-2.3.0/lib/web_console/templates/console.js.erb within layouts/javascript
  Rendering /Users/cyantis/.rvm/gems/ruby-2.6.1/gems/web-console-2.3.0/lib/web_console/templates/_inner_console_markup.html.erb within layouts/inlined_string
  Rendered /Users/cyantis/.rvm/gems/ruby-2.6.1/gems/web-console-2.3.0/lib/web_console/templates/_inner_console_markup.html.erb within layouts/inlined_string (0.3ms)
  Rendering /Users/cyantis/.rvm/gems/ruby-2.6.1/gems/web-console-2.3.0/lib/web_console/templates/_prompt_box_markup.html.erb within layouts/inlined_string
  Rendered /Users/cyantis/.rvm/gems/ruby-2.6.1/gems/web-console-2.3.0/lib/web_console/templates/_prompt_box_markup.html.erb within layouts/inlined_string (0.2ms)
  Rendering /Users/cyantis/.rvm/gems/ruby-2.6.1/gems/web-console-2.3.0/lib/web_console/templates/style.css.erb within layouts/inlined_string
  Rendered /Users/cyantis/.rvm/gems/ruby-2.6.1/gems/web-console-2.3.0/lib/web_console/templates/style.css.erb within layouts/inlined_string (0.2ms)
DEPRECATION WARNING: Accessing mime types via constants is deprecated. Please change `Mime::WEB_CONSOLE_V2` to `Mime[:web_console_v2]`. (called from ___sers_cyantis__rvm_gems_ruby_______gems_web_console_______lib_web_console_templates_console_js_erb___2073906418410631328_70256716433840 at /Users/cyantis/.rvm/gems/ruby-2.6.1/gems/web-console-2.3.0/lib/web_console/templates/console.js.erb:491)
  Rendered /Users/cyantis/.rvm/gems/ruby-2.6.1/gems/web-console-2.3.0/lib/web_console/templates/console.js.erb within layouts/javascript (11.0ms)
  Rendering /Users/cyantis/.rvm/gems/ruby-2.6.1/gems/web-console-2.3.0/lib/web_console/templates/main.js.erb within layouts/javascript
  Rendered /Users/cyantis/.rvm/gems/ruby-2.6.1/gems/web-console-2.3.0/lib/web_console/templates/main.js.erb within layouts/javascript (0.3ms)
  Rendering /Users/cyantis/.rvm/gems/ruby-2.6.1/gems/web-console-2.3.0/lib/web_console/templates/error_page.js.erb within layouts/javascript
  Rendered /Users/cyantis/.rvm/gems/ruby-2.6.1/gems/web-console-2.3.0/lib/web_console/templates/error_page.js.erb within layouts/javascript (0.4ms)
  Rendered /Users/cyantis/.rvm/gems/ruby-2.6.1/gems/web-console-2.3.0/lib/web_console/templates/index.html.erb (23.0ms)
Started GET "/authors/show/1" for ::1 at 2019-07-15 19:09:21 -0600
  
ActionController::RoutingError (No route matches [GET] "/authors/show/1"):
  
actionpack (5.0.7.1) lib/action_dispatch/middleware/debug_exceptions.rb:53:in `call'
web-console (2.3.0) lib/web_console/middleware.rb:28:in `block in call'
web-console (2.3.0) lib/web_console/middleware.rb:18:in `catch'
web-console (2.3.0) lib/web_console/middleware.rb:18:in `call'
actionpack (5.0.7.1) lib/action_dispatch/middleware/show_exceptions.rb:31:in `call'
railties (5.0.7.1) lib/rails/rack/logger.rb:36:in `call_app'
railties (5.0.7.1) lib/rails/rack/logger.rb:24:in `block in call'
activesupport (5.0.7.1) lib/active_support/tagged_logging.rb:69:in `block in tagged'
activesupport (5.0.7.1) lib/active_support/tagged_logging.rb:26:in `tagged'
activesupport (5.0.7.1) lib/active_support/tagged_logging.rb:69:in `tagged'
railties (5.0.7.1) lib/rails/rack/logger.rb:24:in `call'
sprockets-rails (3.2.1) lib/sprockets/rails/quiet_assets.rb:13:in `call'
actionpack (5.0.7.1) lib/action_dispatch/middleware/request_id.rb:24:in `call'
rack (2.0.6) lib/rack/method_override.rb:22:in `call'
rack (2.0.6) lib/rack/runtime.rb:22:in `call'
activesupport (5.0.7.1) lib/active_support/cache/strategy/local_cache_middleware.rb:28:in `call'
actionpack (5.0.7.1) lib/action_dispatch/middleware/executor.rb:12:in `call'
actionpack (5.0.7.1) lib/action_dispatch/middleware/static.rb:136:in `call'
rack (2.0.6) lib/rack/sendfile.rb:111:in `call'
railties (5.0.7.1) lib/rails/engine.rb:522:in `call'
rack (2.0.6) lib/rack/handler/webrick.rb:86:in `service'
/Users/cyantis/.rvm/rubies/ruby-2.6.1/lib/ruby/2.6.0/webrick/httpserver.rb:140:in `service'
/Users/cyantis/.rvm/rubies/ruby-2.6.1/lib/ruby/2.6.0/webrick/httpserver.rb:96:in `run'
/Users/cyantis/.rvm/rubies/ruby-2.6.1/lib/ruby/2.6.0/webrick/server.rb:307:in `block in start_thread'
  Rendering /Users/cyantis/.rvm/gems/ruby-2.6.1/gems/actionpack-5.0.7.1/lib/action_dispatch/middleware/templates/rescues/routing_error.html.erb within rescues/layout
  Rendering /Users/cyantis/.rvm/gems/ruby-2.6.1/gems/actionpack-5.0.7.1/lib/action_dispatch/middleware/templates/rescues/_trace.html.erb
  Rendered /Users/cyantis/.rvm/gems/ruby-2.6.1/gems/actionpack-5.0.7.1/lib/action_dispatch/middleware/templates/rescues/_trace.html.erb (0.6ms)
  Rendered collection of /Users/cyantis/.rvm/gems/ruby-2.6.1/gems/actionpack-5.0.7.1/lib/action_dispatch/middleware/templates/routes/_route.html.erb [9 times] (1.7ms)
  Rendered /Users/cyantis/.rvm/gems/ruby-2.6.1/gems/actionpack-5.0.7.1/lib/action_dispatch/middleware/templates/routes/_table.html.erb (0.7ms)
  Rendering /Users/cyantis/.rvm/gems/ruby-2.6.1/gems/actionpack-5.0.7.1/lib/action_dispatch/middleware/templates/rescues/_request_and_response.html.erb
  Rendered /Users/cyantis/.rvm/gems/ruby-2.6.1/gems/actionpack-5.0.7.1/lib/action_dispatch/middleware/templates/rescues/_request_and_response.html.erb (0.7ms)
  Rendered /Users/cyantis/.rvm/gems/ruby-2.6.1/gems/actionpack-5.0.7.1/lib/action_dispatch/middleware/templates/rescues/routing_error.html.erb within rescues/layout (14.4ms)
DEPRECATION WARNING: Accessing mime types via constants is deprecated. Please change `Mime::HTML` to `Mime[:html]`. (called from acceptable_content_type? at /Users/cyantis/.rvm/gems/ruby-2.6.1/gems/web-console-2.3.0/lib/web_console/middleware.rb:58)
  Rendering /Users/cyantis/.rvm/gems/ruby-2.6.1/gems/web-console-2.3.0/lib/web_console/templates/index.html.erb
  Rendered /Users/cyantis/.rvm/gems/ruby-2.6.1/gems/web-console-2.3.0/lib/web_console/templates/_markup.html.erb (0.2ms)
  Rendering /Users/cyantis/.rvm/gems/ruby-2.6.1/gems/web-console-2.3.0/lib/web_console/templates/console.js.erb within layouts/javascript
  Rendering /Users/cyantis/.rvm/gems/ruby-2.6.1/gems/web-console-2.3.0/lib/web_console/templates/_inner_console_markup.html.erb within layouts/inlined_string
  Rendered /Users/cyantis/.rvm/gems/ruby-2.6.1/gems/web-console-2.3.0/lib/web_console/templates/_inner_console_markup.html.erb within layouts/inlined_string (0.2ms)
  Rendering /Users/cyantis/.rvm/gems/ruby-2.6.1/gems/web-console-2.3.0/lib/web_console/templates/_prompt_box_markup.html.erb within layouts/inlined_string
  Rendered /Users/cyantis/.rvm/gems/ruby-2.6.1/gems/web-console-2.3.0/lib/web_console/templates/_prompt_box_markup.html.erb within layouts/inlined_string (0.2ms)
  Rendering /Users/cyantis/.rvm/gems/ruby-2.6.1/gems/web-console-2.3.0/lib/web_console/templates/style.css.erb within layouts/inlined_string
  Rendered /Users/cyantis/.rvm/gems/ruby-2.6.1/gems/web-console-2.3.0/lib/web_console/templates/style.css.erb within layouts/inlined_string (0.2ms)
DEPRECATION WARNING: Accessing mime types via constants is deprecated. Please change `Mime::WEB_CONSOLE_V2` to `Mime[:web_console_v2]`. (called from ___sers_cyantis__rvm_gems_ruby_______gems_web_console_______lib_web_console_templates_console_js_erb___2073906418410631328_70256701424400 at /Users/cyantis/.rvm/gems/ruby-2.6.1/gems/web-console-2.3.0/lib/web_console/templates/console.js.erb:491)
  Rendered /Users/cyantis/.rvm/gems/ruby-2.6.1/gems/web-console-2.3.0/lib/web_console/templates/console.js.erb within layouts/javascript (10.9ms)
  Rendering /Users/cyantis/.rvm/gems/ruby-2.6.1/gems/web-console-2.3.0/lib/web_console/templates/main.js.erb within layouts/javascript
  Rendered /Users/cyantis/.rvm/gems/ruby-2.6.1/gems/web-console-2.3.0/lib/web_console/templates/main.js.erb within layouts/javascript (0.2ms)
  Rendering /Users/cyantis/.rvm/gems/ruby-2.6.1/gems/web-console-2.3.0/lib/web_console/templates/error_page.js.erb within layouts/javascript
  Rendered /Users/cyantis/.rvm/gems/ruby-2.6.1/gems/web-console-2.3.0/lib/web_console/templates/error_page.js.erb within layouts/javascript (0.2ms)
  Rendered /Users/cyantis/.rvm/gems/ruby-2.6.1/gems/web-console-2.3.0/lib/web_console/templates/index.html.erb (21.1ms)
Started GET "/authors/1" for ::1 at 2019-07-15 19:09:26 -0600
  
ActionController::RoutingError (No route matches [GET] "/authors/1"):
  
actionpack (5.0.7.1) lib/action_dispatch/middleware/debug_exceptions.rb:53:in `call'
web-console (2.3.0) lib/web_console/middleware.rb:28:in `block in call'
web-console (2.3.0) lib/web_console/middleware.rb:18:in `catch'
web-console (2.3.0) lib/web_console/middleware.rb:18:in `call'
actionpack (5.0.7.1) lib/action_dispatch/middleware/show_exceptions.rb:31:in `call'
railties (5.0.7.1) lib/rails/rack/logger.rb:36:in `call_app'
railties (5.0.7.1) lib/rails/rack/logger.rb:24:in `block in call'
activesupport (5.0.7.1) lib/active_support/tagged_logging.rb:69:in `block in tagged'
activesupport (5.0.7.1) lib/active_support/tagged_logging.rb:26:in `tagged'
activesupport (5.0.7.1) lib/active_support/tagged_logging.rb:69:in `tagged'
railties (5.0.7.1) lib/rails/rack/logger.rb:24:in `call'
sprockets-rails (3.2.1) lib/sprockets/rails/quiet_assets.rb:13:in `call'
actionpack (5.0.7.1) lib/action_dispatch/middleware/request_id.rb:24:in `call'
rack (2.0.6) lib/rack/method_override.rb:22:in `call'
rack (2.0.6) lib/rack/runtime.rb:22:in `call'
activesupport (5.0.7.1) lib/active_support/cache/strategy/local_cache_middleware.rb:28:in `call'
actionpack (5.0.7.1) lib/action_dispatch/middleware/executor.rb:12:in `call'
actionpack (5.0.7.1) lib/action_dispatch/middleware/static.rb:136:in `call'
rack (2.0.6) lib/rack/sendfile.rb:111:in `call'
railties (5.0.7.1) lib/rails/engine.rb:522:in `call'
rack (2.0.6) lib/rack/handler/webrick.rb:86:in `service'
/Users/cyantis/.rvm/rubies/ruby-2.6.1/lib/ruby/2.6.0/webrick/httpserver.rb:140:in `service'
/Users/cyantis/.rvm/rubies/ruby-2.6.1/lib/ruby/2.6.0/webrick/httpserver.rb:96:in `run'
/Users/cyantis/.rvm/rubies/ruby-2.6.1/lib/ruby/2.6.0/webrick/server.rb:307:in `block in start_thread'
  Rendering /Users/cyantis/.rvm/gems/ruby-2.6.1/gems/actionpack-5.0.7.1/lib/action_dispatch/middleware/templates/rescues/routing_error.html.erb within rescues/layout
  Rendering /Users/cyantis/.rvm/gems/ruby-2.6.1/gems/actionpack-5.0.7.1/lib/action_dispatch/middleware/templates/rescues/_trace.html.erb
  Rendered /Users/cyantis/.rvm/gems/ruby-2.6.1/gems/actionpack-5.0.7.1/lib/action_dispatch/middleware/templates/rescues/_trace.html.erb (0.6ms)
  Rendered collection of /Users/cyantis/.rvm/gems/ruby-2.6.1/gems/actionpack-5.0.7.1/lib/action_dispatch/middleware/templates/routes/_route.html.erb [9 times] (1.6ms)
  Rendered /Users/cyantis/.rvm/gems/ruby-2.6.1/gems/actionpack-5.0.7.1/lib/action_dispatch/middleware/templates/routes/_table.html.erb (0.8ms)
  Rendering /Users/cyantis/.rvm/gems/ruby-2.6.1/gems/actionpack-5.0.7.1/lib/action_dispatch/middleware/templates/rescues/_request_and_response.html.erb
  Rendered /Users/cyantis/.rvm/gems/ruby-2.6.1/gems/actionpack-5.0.7.1/lib/action_dispatch/middleware/templates/rescues/_request_and_response.html.erb (0.8ms)
  Rendered /Users/cyantis/.rvm/gems/ruby-2.6.1/gems/actionpack-5.0.7.1/lib/action_dispatch/middleware/templates/rescues/routing_error.html.erb within rescues/layout (14.2ms)
DEPRECATION WARNING: Accessing mime types via constants is deprecated. Please change `Mime::HTML` to `Mime[:html]`. (called from acceptable_content_type? at /Users/cyantis/.rvm/gems/ruby-2.6.1/gems/web-console-2.3.0/lib/web_console/middleware.rb:58)
  Rendering /Users/cyantis/.rvm/gems/ruby-2.6.1/gems/web-console-2.3.0/lib/web_console/templates/index.html.erb
  Rendered /Users/cyantis/.rvm/gems/ruby-2.6.1/gems/web-console-2.3.0/lib/web_console/templates/_markup.html.erb (0.2ms)
  Rendering /Users/cyantis/.rvm/gems/ruby-2.6.1/gems/web-console-2.3.0/lib/web_console/templates/console.js.erb within layouts/javascript
  Rendering /Users/cyantis/.rvm/gems/ruby-2.6.1/gems/web-console-2.3.0/lib/web_console/templates/_inner_console_markup.html.erb within layouts/inlined_string
  Rendered /Users/cyantis/.rvm/gems/ruby-2.6.1/gems/web-console-2.3.0/lib/web_console/templates/_inner_console_markup.html.erb within layouts/inlined_string (0.2ms)
  Rendering /Users/cyantis/.rvm/gems/ruby-2.6.1/gems/web-console-2.3.0/lib/web_console/templates/_prompt_box_markup.html.erb within layouts/inlined_string
  Rendered /Users/cyantis/.rvm/gems/ruby-2.6.1/gems/web-console-2.3.0/lib/web_console/templates/_prompt_box_markup.html.erb within layouts/inlined_string (0.3ms)
  Rendering /Users/cyantis/.rvm/gems/ruby-2.6.1/gems/web-console-2.3.0/lib/web_console/templates/style.css.erb within layouts/inlined_string
  Rendered /Users/cyantis/.rvm/gems/ruby-2.6.1/gems/web-console-2.3.0/lib/web_console/templates/style.css.erb within layouts/inlined_string (0.2ms)
DEPRECATION WARNING: Accessing mime types via constants is deprecated. Please change `Mime::WEB_CONSOLE_V2` to `Mime[:web_console_v2]`. (called from ___sers_cyantis__rvm_gems_ruby_______gems_web_console_______lib_web_console_templates_console_js_erb___2073906418410631328_70256729061600 at /Users/cyantis/.rvm/gems/ruby-2.6.1/gems/web-console-2.3.0/lib/web_console/templates/console.js.erb:491)
  Rendered /Users/cyantis/.rvm/gems/ruby-2.6.1/gems/web-console-2.3.0/lib/web_console/templates/console.js.erb within layouts/javascript (11.7ms)
  Rendering /Users/cyantis/.rvm/gems/ruby-2.6.1/gems/web-console-2.3.0/lib/web_console/templates/main.js.erb within layouts/javascript
  Rendered /Users/cyantis/.rvm/gems/ruby-2.6.1/gems/web-console-2.3.0/lib/web_console/templates/main.js.erb within layouts/javascript (0.2ms)
  Rendering /Users/cyantis/.rvm/gems/ruby-2.6.1/gems/web-console-2.3.0/lib/web_console/templates/error_page.js.erb within layouts/javascript
  Rendered /Users/cyantis/.rvm/gems/ruby-2.6.1/gems/web-console-2.3.0/lib/web_console/templates/error_page.js.erb within layouts/javascript (0.2ms)
  Rendered /Users/cyantis/.rvm/gems/ruby-2.6.1/gems/web-console-2.3.0/lib/web_console/templates/index.html.erb (20.9ms)
  [1m[36mAuthor Load (3.0ms)[0m  [1m[34mSELECT "authors".* FROM "authors"[0m
Started GET "/posts/1" for ::1 at 2019-07-15 19:18:01 -0600
Processing by PostsController#show as HTML
  Parameters: {"id"=>"1"}
  [1m[36mPost Load (0.1ms)[0m  [1m[34mSELECT  "posts".* FROM "posts" WHERE "posts"."id" = ? LIMIT ?[0m  [["id", 1], ["LIMIT", 1]]
  Rendering posts/show.html.erb within layouts/application
  Rendered posts/show.html.erb within layouts/application (0.4ms)
Completed 200 OK in 28ms (Views: 20.0ms | ActiveRecord: 0.7ms)


